<?xml version="1.0" encoding="UTF-8"?>
<!-- Generated by org.testng.reporters.JUnitReportReporter -->
<testsuite hostname="DESKTOP-5OJ638R" failures="0" tests="2" name="MethodPractice.SoftAssert" time="0.020" errors="0" timestamp="2022-11-25T09:47:17 IST" skipped="0">
  <testcase classname="MethodPractice.SoftAssert" name="sample3" time="0.017"/>
  <system-out/>
  <testcase classname="MethodPractice.SoftAssert" name="sample4" time="0.003"/>
  <system-out/>
</testsuite> <!-- MethodPractice.SoftAssert -->
