<?xml version="1.0" encoding="UTF-8"?>
<!-- Generated by org.testng.reporters.JUnitReportReporter -->
<testsuite hostname="DESKTOP-5OJ638R" failures="0" tests="1" name="interview.HowtoHandleChildWindowPopups" time="9.629" errors="0" timestamp="2023-01-01T17:29:24 IST" skipped="0">
  <testcase classname="interview.HowtoHandleChildWindowPopups" name="childwindow" time="9.629"/>
  <system-out/>
</testsuite> <!-- interview.HowtoHandleChildWindowPopups -->
