<?xml version="1.0" encoding="UTF-8"?>
<!-- Generated by org.testng.reporters.JUnitReportReporter -->
<testsuite hostname="DESKTOP-5OJ638R" failures="0" tests="1" name="SeleniumPractice.ChildBrowserPopup1" time="8.186" errors="0" timestamp="2023-01-19T11:53:02 IST" skipped="0">
  <testcase classname="SeleniumPractice.ChildBrowserPopup1" name="cb" time="8.186"/>
  <system-out/>
</testsuite> <!-- SeleniumPractice.ChildBrowserPopup1 -->
