<?xml version="1.0" encoding="UTF-8"?>
<!-- Generated by org.testng.reporters.JUnitReportReporter -->
<testsuite hostname="DESKTOP-5OJ638R" failures="0" tests="1" name="TestNG.Test2" time="0.004" errors="0" timestamp="2023-02-17T12:58:30 IST" skipped="0">
  <testcase classname="TestNG.Test2" name="m1" time="0.004"/>
  <system-out/>
</testsuite> <!-- TestNG.Test2 -->
