<?xml version="1.0" encoding="UTF-8"?>
<!-- Generated by org.testng.reporters.JUnitReportReporter -->
<testsuite hostname="DESKTOP-5OJ638R" failures="0" tests="1" name="SeleniumPractice.TakeScreenShot" time="53.485" errors="0" timestamp="2022-11-16T16:56:16 IST" skipped="0">
  <testcase classname="SeleniumPractice.TakeScreenShot" name="sc" time="53.485"/>
  <system-out/>
</testsuite> <!-- SeleniumPractice.TakeScreenShot -->
