<?xml version="1.0" encoding="UTF-8"?>
<!-- Generated by org.testng.reporters.JUnitReportReporter -->
<testsuite hostname="DESKTOP-5OJ638R" failures="0" tests="1" name="SeleniumPractice.DropDownList" time="35.742" errors="0" timestamp="2022-11-19T12:53:21 IST" skipped="0">
  <testcase classname="SeleniumPractice.DropDownList" name="drop_down" time="35.742"/>
  <system-out/>
</testsuite> <!-- SeleniumPractice.DropDownList -->
